<?xml version="1.0" encoding="UTF-8"?>
<robot generator="Robot 5.0 (Python 3.10.4 on win32)" generated="20220719 09:37:37.365" rpa="false" schemaversion="3">
<suite id="s1" name="Home" source="C:\QAninjaMobile\twp\home.robot">
<test id="s1-t1" name="Deve abrir a tela principal" line="13">
<kw name="Open Application" library="AppiumLibrary">
<arg>http://localhost:4723/wd/hub</arg>
<arg>appium:automationName=UiAutomator2</arg>
<arg>platformName=Android</arg>
<arg>appium:deviceName=Android Emulator</arg>
<arg>appium:app=${EXECDIR}/app/twp.apk</arg>
<arg>appium:udid=emulator-5554</arg>
<doc>Opens a new application to given Appium server.
Capabilities of appium server, Android and iOS,
Please check https://github.com/appium/appium/blob/master/docs/en/writing-running-appium/server-args.md
| *Option*            | *Man.* | *Description*     |
| remote_url          | Yes    | Appium server url |
| alias               | no     | alias             |</doc>
<kw name="Capture Page Screenshot" library="AppiumLibrary">
<doc>Takes a screenshot of the current page and embeds it into the log.</doc>
<msg timestamp="20220719 09:37:53.350" level="FAIL">No application is open</msg>
<status status="FAIL" starttime="20220719 09:37:53.345" endtime="20220719 09:37:53.452"/>
</kw>
<msg timestamp="20220719 09:37:53.457" level="WARN">Keyword 'Capture Page Screenshot' could not be run on failure: No application is open</msg>
<msg timestamp="20220719 09:37:53.462" level="FAIL">AttributeError: can't set attribute 'capabilities'</msg>
<status status="FAIL" starttime="20220719 09:37:37.920" endtime="20220719 09:37:53.465"/>
</kw>
<kw name="Wait Until Page Contains" library="AppiumLibrary">
<arg>Training Wheels Protocol</arg>
<arg>5</arg>
<doc>Waits until `text` appears on current page.</doc>
<status status="NOT RUN" starttime="20220719 09:37:53.466" endtime="20220719 09:37:53.467"/>
</kw>
<kw name="Wait Until Page Contains" library="AppiumLibrary">
<arg>Mobile Version</arg>
<doc>Waits until `text` appears on current page.</doc>
<status status="NOT RUN" starttime="20220719 09:37:53.468" endtime="20220719 09:37:53.468"/>
</kw>
<kw name="Close Application" library="AppiumLibrary">
<doc>Closes the current application and also close webdriver session.</doc>
<status status="NOT RUN" starttime="20220719 09:37:53.468" endtime="20220719 09:37:53.469"/>
</kw>
<status status="FAIL" starttime="20220719 09:37:37.919" endtime="20220719 09:37:53.470">AttributeError: can't set attribute 'capabilities'</status>
</test>
<status status="FAIL" starttime="20220719 09:37:37.367" endtime="20220719 09:37:53.475"/>
</suite>
<statistics>
<total>
<stat pass="0" fail="1" skip="0">All Tests</stat>
</total>
<tag>
</tag>
<suite>
<stat pass="0" fail="1" skip="0" id="s1" name="Home">Home</stat>
</suite>
</statistics>
<errors>
<msg timestamp="20220719 09:37:53.457" level="WARN">Keyword 'Capture Page Screenshot' could not be run on failure: No application is open</msg>
</errors>
</robot>
